<?xml version="1.0" encoding="UTF-8" ?>
<testsuite failures="0" time="0.017" errors="0" skipped="1" tests="3" name="org.comperio.scampp.core.domain.JIDSpec">
  <properties>
[...]
</properties>
  <testcase time="0.004" classname="org.comperio.scampp.core.domain.JIDSpec" name="A JID should have a total maximum length of less than 3071 bytes"/>
  <testcase time="0.009" classname="org.comperio.scampp.core.domain.JIDSpec" name="A JID should throw IllegalArgumentException when constructed with total length greater than 3071 bytes"/>
  <testcase time="0" classname="org.comperio.scampp.core.domain.JIDSpec" name="A JID should be of the following format: [ node &apos;@&apos; ] JIDDomain [ &apos;/&apos; resource ]">
    <skipped/>
  </testcase>
</testsuite>